10/14/2012 6:47:19 PM	This log contains information about the import schema operation into project 'xKnight.Database' on computer 'EMLAP' by user 'Ehsan Mirsaeedi'.
10/14/2012 6:47:20 PM	Import of database schema has started.
10/14/2012 6:47:37 PM	Gathering database options
10/14/2012 6:47:37 PM	Gathering users
10/14/2012 6:47:37 PM	Gathering roles
10/14/2012 6:47:37 PM	Gathering application roles
10/14/2012 6:47:37 PM	Gathering role memberships
10/14/2012 6:47:37 PM	Gathering filegroups
10/14/2012 6:47:37 PM	Gathering full-text catalogs
10/14/2012 6:47:37 PM	Gathering assemblies
10/14/2012 6:47:37 PM	Gathering certificates
10/14/2012 6:47:37 PM	Gathering asymmetric keys
10/14/2012 6:47:37 PM	Gathering symmetric keys
10/14/2012 6:47:37 PM	Gathering encrypted symmetric keys
10/14/2012 6:47:37 PM	Gathering schemas
10/14/2012 6:47:37 PM	Gathering XML schema collections
10/14/2012 6:47:37 PM	Gathering user-defined data types
10/14/2012 6:47:37 PM	Gathering user-defined types
10/14/2012 6:47:37 PM	Gathering table types
10/14/2012 6:47:37 PM	Gathering unique keys for table types
10/14/2012 6:47:37 PM	Gathering primary keys for table types
10/14/2012 6:47:37 PM	Gathering check constraints for table types
10/14/2012 6:47:37 PM	Gathering default constraints for table types
10/14/2012 6:47:37 PM	Gathering partition functions
10/14/2012 6:47:37 PM	Gathering partition schemes
10/14/2012 6:47:37 PM	Gathering functions
10/14/2012 6:47:37 PM	Gathering encrypted functions
10/14/2012 6:47:39 PM	Gathering aggregates
10/14/2012 6:47:39 PM	Gathering procedures
10/14/2012 6:47:39 PM	Gathering encrypted procedures
10/14/2012 6:47:39 PM	Gathering tables
10/14/2012 6:47:39 PM	Gathering primary keys
10/14/2012 6:47:40 PM	Gathering unique constraints
10/14/2012 6:47:40 PM	Gathering foreign keys
10/14/2012 6:47:40 PM	Gathering default constraints
10/14/2012 6:47:40 PM	Gathering check constraints
10/14/2012 6:47:40 PM	Gathering views
10/14/2012 6:47:40 PM	Gathering encrypted views
10/14/2012 6:47:40 PM	Gathering indexes
10/14/2012 6:47:40 PM	Gathering statistics
10/14/2012 6:47:40 PM	Gathering full-text index stoplists
10/14/2012 6:47:40 PM	Gathering search property lists
10/14/2012 6:47:40 PM	Gathering search properties
10/14/2012 6:47:40 PM	Gathering full-text indexes
10/14/2012 6:47:40 PM	Gathering column store indexes
10/14/2012 6:47:40 PM	Gathering spatial indexes
10/14/2012 6:47:40 PM	Gathering XML indexes
10/14/2012 6:47:40 PM	Gathering encrypted triggers
10/14/2012 6:47:40 PM	Gathering triggers
10/14/2012 6:47:40 PM	Gathering encrypted and clr ddl triggers
10/14/2012 6:47:40 PM	Gathering ddl triggers
10/14/2012 6:47:40 PM	Gathering synonyms
10/14/2012 6:47:40 PM	Gathering defaults
10/14/2012 6:47:40 PM	Gathering data constraint uddt bindings
10/14/2012 6:47:40 PM	Gathering rules
10/14/2012 6:47:40 PM	Gathering data constraint uddt bindings
10/14/2012 6:47:40 PM	Gathering message types
10/14/2012 6:47:40 PM	Gathering queues
10/14/2012 6:47:40 PM	Gathering contracts
10/14/2012 6:47:40 PM	Gathering services
10/14/2012 6:47:40 PM	Gathering event notifications
10/14/2012 6:47:40 PM	Gathering remote service bindings
10/14/2012 6:47:40 PM	Gathering broker priorities
10/14/2012 6:47:40 PM	Gathering signatures
10/14/2012 6:47:40 PM	Gathering data compression options
10/14/2012 6:47:40 PM	Gathering sequence types
10/14/2012 6:47:40 PM	Gathering database permissions
10/14/2012 6:47:40 PM	Gathering extended properties
10/14/2012 6:47:41 PM	Gathering credentials
10/14/2012 6:47:41 PM	Gathering logins
10/14/2012 6:47:41 PM	Gathering server audits
10/14/2012 6:47:43 PM	Scanning project for duplicate elements
10/14/2012 6:47:44 PM	Finished duplicate element processing
10/14/2012 6:47:44 PM	Finished importing database.
10/14/2012 6:47:44 PM	A summary of the import was saved to the following location: C:\Users\Ehsan Mirsaeedi\Documents\Visual Studio 2010\Projects\xKnight\xKnight.Database\Import Schema Logs\xKnight.Database_20121014031719.log
10/14/2012 6:47:44 PM	Click Finish to continue...
